<?xml version="1.0" encoding="utf-8" standalone="no"?>
<testsuites xmlns:xsi="http://www.w3.org/2001/XMLSchema-instance" xsi:noNamespaceSchemaLocation="junit_schema_4.xsd" name="Pester" tests="121" errors="0" failures="27" disabled="0" time="7.722">
  <testsuite name="/home/runner/work/Glooko/Glooko/dev/tests/Import-GlookoCSV.Tests.ps1" tests="13" errors="0" failures="0" hostname="runnervmf2e7y" id="0" skipped="0" disabled="0" package="/home/runner/work/Glooko/Glooko/dev/tests/Import-GlookoCSV.Tests.ps1" time="1.167">
    <properties>
      <property name="junit-version" value="4" />
      <property name="user" value="runner" />
      <property name="platform" value="Linux" />
      <property name="cwd" value="/home/runner/work/Glooko/Glooko" />
      <property name="user-domain" value="" />
      <property name="machine-name" value="runnervmf2e7y" />
      <property name="framework-version" value="5.7.1" />
      <property name="clr-version" value="8.0.21" />
      <property name="os-version" value="6.11.0-1018-azure" />
    </properties>
    <testcase name="Import-GlookoCSV.Basic functionality.Should import CSV data and skip the first row" status="Passed" classname="/home/runner/work/Glooko/Glooko/dev/tests/Import-GlookoCSV.Tests.ps1" assertions="0" time="0.181" />
    <testcase name="Import-GlookoCSV.Basic functionality.Should use second row as headers when first row is skipped" status="Passed" classname="/home/runner/work/Glooko/Glooko/dev/tests/Import-GlookoCSV.Tests.ps1" assertions="0" time="0.051" />
    <testcase name="Import-GlookoCSV.Basic functionality.Should work with single data row" status="Passed" classname="/home/runner/work/Glooko/Glooko/dev/tests/Import-GlookoCSV.Tests.ps1" assertions="0" time="0.028" />
    <testcase name="Import-GlookoCSV.Basic functionality.Should import alarm/event data from test-data01.csv" status="Passed" classname="/home/runner/work/Glooko/Glooko/dev/tests/Import-GlookoCSV.Tests.ps1" assertions="0" time="0.095" />
    <testcase name="Import-GlookoCSV.Basic functionality.Should parse filename with dataset pattern (alarms_data_1.csv)" status="Passed" classname="/home/runner/work/Glooko/Glooko/dev/tests/Import-GlookoCSV.Tests.ps1" assertions="0" time="0.037" />
    <testcase name="Import-GlookoCSV.Error handling.Should throw error for non-existent file" status="Passed" classname="/home/runner/work/Glooko/Glooko/dev/tests/Import-GlookoCSV.Tests.ps1" assertions="0" time="0.039" />
    <testcase name="Import-GlookoCSV.Error handling.Should handle empty file gracefully" status="Passed" classname="/home/runner/work/Glooko/Glooko/dev/tests/Import-GlookoCSV.Tests.ps1" assertions="0" time="0.037" />
    <testcase name="Import-GlookoCSV.Error handling.Should warn when file has fewer than 2 lines" status="Passed" classname="/home/runner/work/Glooko/Glooko/dev/tests/Import-GlookoCSV.Tests.ps1" assertions="0" time="0.029" />
    <testcase name="Import-GlookoCSV.Pipeline support.Should accept pipeline input" status="Passed" classname="/home/runner/work/Glooko/Glooko/dev/tests/Import-GlookoCSV.Tests.ps1" assertions="0" time="0.026" />
    <testcase name="Import-GlookoCSV.Pipeline support.Should work with Get-ChildItem pipeline" status="Passed" classname="/home/runner/work/Glooko/Glooko/dev/tests/Import-GlookoCSV.Tests.ps1" assertions="0" time="0.053" />
    <testcase name="Import-GlookoCSV.Verbose output.Should provide verbose output when requested" status="Passed" classname="/home/runner/work/Glooko/Glooko/dev/tests/Import-GlookoCSV.Tests.ps1" assertions="0" time="0.026" />
    <testcase name="Import-GlookoCSV.Data integrity.Should preserve data types as strings (CSV behavior)" status="Passed" classname="/home/runner/work/Glooko/Glooko/dev/tests/Import-GlookoCSV.Tests.ps1" assertions="0" time="0.028" />
    <testcase name="Import-GlookoCSV.Data integrity.Should handle special characters in data" status="Passed" classname="/home/runner/work/Glooko/Glooko/dev/tests/Import-GlookoCSV.Tests.ps1" assertions="0" time="0.031" />
  </testsuite>
  <testsuite name="/home/runner/work/Glooko/Glooko/dev/tests/Import-GlookoFolder.Tests.ps1" tests="19" errors="0" failures="0" hostname="runnervmf2e7y" id="1" skipped="0" disabled="0" package="/home/runner/work/Glooko/Glooko/dev/tests/Import-GlookoFolder.Tests.ps1" time="0.840">
    <properties>
      <property name="junit-version" value="4" />
      <property name="user" value="runner" />
      <property name="platform" value="Linux" />
      <property name="cwd" value="/home/runner/work/Glooko/Glooko" />
      <property name="user-domain" value="" />
      <property name="machine-name" value="runnervmf2e7y" />
      <property name="framework-version" value="5.7.1" />
      <property name="clr-version" value="8.0.21" />
      <property name="os-version" value="6.11.0-1018-azure" />
    </properties>
    <testcase name="Import-GlookoFolder.Basic functionality.Should import all CSV files from a folder" status="Passed" classname="/home/runner/work/Glooko/Glooko/dev/tests/Import-GlookoFolder.Tests.ps1" assertions="0" time="0.089" />
    <testcase name="Import-GlookoFolder.Basic functionality.Should import files with correct data from each file" status="Passed" classname="/home/runner/work/Glooko/Glooko/dev/tests/Import-GlookoFolder.Tests.ps1" assertions="0" time="0.050" />
    <testcase name="Import-GlookoFolder.Basic functionality.Should work with empty folder" status="Passed" classname="/home/runner/work/Glooko/Glooko/dev/tests/Import-GlookoFolder.Tests.ps1" assertions="0" time="0.020" />
    <testcase name="Import-GlookoFolder.Basic functionality.Should work with folder containing only one CSV file" status="Passed" classname="/home/runner/work/Glooko/Glooko/dev/tests/Import-GlookoFolder.Tests.ps1" assertions="0" time="0.051" />
    <testcase name="Import-GlookoFolder.Basic functionality.Should ignore non-CSV files in the folder" status="Passed" classname="/home/runner/work/Glooko/Glooko/dev/tests/Import-GlookoFolder.Tests.ps1" assertions="0" time="0.029" />
    <testcase name="Import-GlookoFolder.Basic functionality.Should import CSV files recursively from subdirectories" status="Passed" classname="/home/runner/work/Glooko/Glooko/dev/tests/Import-GlookoFolder.Tests.ps1" assertions="0" time="0.043" />
    <testcase name="Import-GlookoFolder.Error handling.Should throw error for non-existent folder" status="Passed" classname="/home/runner/work/Glooko/Glooko/dev/tests/Import-GlookoFolder.Tests.ps1" assertions="0" time="0.018" />
    <testcase name="Import-GlookoFolder.Error handling.Should throw error when path is a file instead of folder" status="Passed" classname="/home/runner/work/Glooko/Glooko/dev/tests/Import-GlookoFolder.Tests.ps1" assertions="0" time="0.016" />
    <testcase name="Import-GlookoFolder.Pipeline support.Should accept pipeline input" status="Passed" classname="/home/runner/work/Glooko/Glooko/dev/tests/Import-GlookoFolder.Tests.ps1" assertions="0" time="0.028" />
    <testcase name="Import-GlookoFolder.Pipeline support.Should work with Get-Item pipeline" status="Passed" classname="/home/runner/work/Glooko/Glooko/dev/tests/Import-GlookoFolder.Tests.ps1" assertions="0" time="0.031" />
    <testcase name="Import-GlookoFolder.Verbose output.Should provide verbose output when requested" status="Passed" classname="/home/runner/work/Glooko/Glooko/dev/tests/Import-GlookoFolder.Tests.ps1" assertions="0" time="0.036" />
    <testcase name="Import-GlookoFolder.Data integrity.Should preserve all metadata from individual files" status="Passed" classname="/home/runner/work/Glooko/Glooko/dev/tests/Import-GlookoFolder.Tests.ps1" assertions="0" time="0.045" />
    <testcase name="Import-GlookoFolder.Data integrity.Should handle files with special characters correctly" status="Passed" classname="/home/runner/work/Glooko/Glooko/dev/tests/Import-GlookoFolder.Tests.ps1" assertions="0" time="0.032" />
    <testcase name="Import-GlookoFolder.Dataset consolidation.Should consolidate files with same Dataset and OriginalFirstLine" status="Passed" classname="/home/runner/work/Glooko/Glooko/dev/tests/Import-GlookoFolder.Tests.ps1" assertions="0" time="0.035" />
    <testcase name="Import-GlookoFolder.Dataset consolidation.Should merge data in ascending Order" status="Passed" classname="/home/runner/work/Glooko/Glooko/dev/tests/Import-GlookoFolder.Tests.ps1" assertions="0" time="0.039" />
    <testcase name="Import-GlookoFolder.Dataset consolidation.Should not consolidate files with different Dataset values" status="Passed" classname="/home/runner/work/Glooko/Glooko/dev/tests/Import-GlookoFolder.Tests.ps1" assertions="0" time="0.024" />
    <testcase name="Import-GlookoFolder.Dataset consolidation.Should not consolidate files with different OriginalFirstLine" status="Passed" classname="/home/runner/work/Glooko/Glooko/dev/tests/Import-GlookoFolder.Tests.ps1" assertions="0" time="0.024" />
    <testcase name="Import-GlookoFolder.Dataset consolidation.Should use metadata from file with lowest Order" status="Passed" classname="/home/runner/work/Glooko/Glooko/dev/tests/Import-GlookoFolder.Tests.ps1" assertions="0" time="0.029" />
    <testcase name="Import-GlookoFolder.Dataset consolidation.Should handle mixed scenarios with some files consolidating and others not" status="Passed" classname="/home/runner/work/Glooko/Glooko/dev/tests/Import-GlookoFolder.Tests.ps1" assertions="0" time="0.042" />
  </testsuite>
  <testsuite name="/home/runner/work/Glooko/Glooko/dev/tests/Import-GlookoZip.Tests.ps1" tests="14" errors="0" failures="0" hostname="runnervmf2e7y" id="2" skipped="0" disabled="0" package="/home/runner/work/Glooko/Glooko/dev/tests/Import-GlookoZip.Tests.ps1" time="2.189">
    <properties>
      <property name="junit-version" value="4" />
      <property name="user" value="runner" />
      <property name="platform" value="Linux" />
      <property name="cwd" value="/home/runner/work/Glooko/Glooko" />
      <property name="user-domain" value="" />
      <property name="machine-name" value="runnervmf2e7y" />
      <property name="framework-version" value="5.7.1" />
      <property name="clr-version" value="8.0.21" />
      <property name="os-version" value="6.11.0-1018-azure" />
    </properties>
    <testcase name="Import-GlookoZip.Basic functionality.Should import all CSV files from a zip file" status="Passed" classname="/home/runner/work/Glooko/Glooko/dev/tests/Import-GlookoZip.Tests.ps1" assertions="0" time="0.793" />
    <testcase name="Import-GlookoZip.Basic functionality.Should work with zip file containing single CSV file" status="Passed" classname="/home/runner/work/Glooko/Glooko/dev/tests/Import-GlookoZip.Tests.ps1" assertions="0" time="0.129" />
    <testcase name="Import-GlookoZip.Basic functionality.Should ignore non-CSV files in the zip file" status="Passed" classname="/home/runner/work/Glooko/Glooko/dev/tests/Import-GlookoZip.Tests.ps1" assertions="0" time="0.114" />
    <testcase name="Import-GlookoZip.Basic functionality.Should handle zip file without CSV files" status="Passed" classname="/home/runner/work/Glooko/Glooko/dev/tests/Import-GlookoZip.Tests.ps1" assertions="0" time="0.112" />
    <testcase name="Import-GlookoZip.Error handling.Should throw error for non-existent zip file" status="Passed" classname="/home/runner/work/Glooko/Glooko/dev/tests/Import-GlookoZip.Tests.ps1" assertions="0" time="0.088" />
    <testcase name="Import-GlookoZip.Error handling.Should throw error when path is not a zip file" status="Passed" classname="/home/runner/work/Glooko/Glooko/dev/tests/Import-GlookoZip.Tests.ps1" assertions="0" time="0.081" />
    <testcase name="Import-GlookoZip.Error handling.Should throw error when path is a folder instead of file" status="Passed" classname="/home/runner/work/Glooko/Glooko/dev/tests/Import-GlookoZip.Tests.ps1" assertions="0" time="0.083" />
    <testcase name="Import-GlookoZip.Pipeline support.Should accept pipeline input" status="Passed" classname="/home/runner/work/Glooko/Glooko/dev/tests/Import-GlookoZip.Tests.ps1" assertions="0" time="0.086" />
    <testcase name="Import-GlookoZip.Pipeline support.Should work with Get-ChildItem pipeline" status="Passed" classname="/home/runner/work/Glooko/Glooko/dev/tests/Import-GlookoZip.Tests.ps1" assertions="0" time="0.088" />
    <testcase name="Import-GlookoZip.Verbose output.Should provide verbose output when requested" status="Passed" classname="/home/runner/work/Glooko/Glooko/dev/tests/Import-GlookoZip.Tests.ps1" assertions="0" time="0.084" />
    <testcase name="Import-GlookoZip.Data integrity.Should preserve all metadata from individual files" status="Passed" classname="/home/runner/work/Glooko/Glooko/dev/tests/Import-GlookoZip.Tests.ps1" assertions="0" time="0.091" />
    <testcase name="Import-GlookoZip.Data integrity.Should handle special characters in data correctly" status="Passed" classname="/home/runner/work/Glooko/Glooko/dev/tests/Import-GlookoZip.Tests.ps1" assertions="0" time="0.097" />
    <testcase name="Import-GlookoZip.Dataset consolidation.Should consolidate files with same Dataset and OriginalFirstLine from zip" status="Passed" classname="/home/runner/work/Glooko/Glooko/dev/tests/Import-GlookoZip.Tests.ps1" assertions="0" time="0.097" />
    <testcase name="Import-GlookoZip.Cleanup behavior.Should clean up temporary folder after successful import" status="Passed" classname="/home/runner/work/Glooko/Glooko/dev/tests/Import-GlookoZip.Tests.ps1" assertions="0" time="0.084" />
  </testsuite>
  <testsuite name="/home/runner/work/Glooko/Glooko/dev/tests/Export-GlookoZipToXlsx.Tests.ps1" tests="30" errors="0" failures="27" hostname="runnervmf2e7y" id="3" skipped="0" disabled="0" package="/home/runner/work/Glooko/Glooko/dev/tests/Export-GlookoZipToXlsx.Tests.ps1" time="2.823">
    <properties>
      <property name="junit-version" value="4" />
      <property name="user" value="runner" />
      <property name="platform" value="Linux" />
      <property name="cwd" value="/home/runner/work/Glooko/Glooko" />
      <property name="user-domain" value="" />
      <property name="machine-name" value="runnervmf2e7y" />
      <property name="framework-version" value="5.7.1" />
      <property name="clr-version" value="8.0.21" />
      <property name="os-version" value="6.11.0-1018-azure" />
    </properties>
    <testcase name="Export-GlookoZipToXlsx.Module dependency checks.Should work when ImportExcel module is available" status="Failed" classname="/home/runner/work/Glooko/Glooko/dev/tests/Export-GlookoZipToXlsx.Tests.ps1" assertions="0" time="0.216">
      <failure message="Expected no exception to be thrown, but an exception &quot;ImportExcel module not found&quot; was thrown from /home/runner/work/Glooko/Glooko/Public/Export-GlookoZipToXlsx.ps1:94 char:13&#xA;    +             throw &quot;ImportExcel module not found&quot;&#xA;    +             ~~~~~~~~~~~~~~~~~~~~~~~~~~~~~~~~~~~~.">at { Export-GlookoZipToXlsx -Path $Script:TestZipFiles.SingleFileZip } | Should -Not -Throw, /home/runner/work/Glooko/Glooko/dev/tests/Export-GlookoZipToXlsx.Tests.ps1:45
at &lt;ScriptBlock&gt;, /home/runner/work/Glooko/Glooko/dev/tests/Export-GlookoZipToXlsx.Tests.ps1:45</failure>
    </testcase>
    <testcase name="Export-GlookoZipToXlsx.Basic functionality.Should create XLSX file from zip file" status="Failed" classname="/home/runner/work/Glooko/Glooko/dev/tests/Export-GlookoZipToXlsx.Tests.ps1" assertions="0" time="0.092">
      <failure message="RuntimeException: ImportExcel module not found">at Export-GlookoZipToXlsx&lt;Begin&gt;, /home/runner/work/Glooko/Glooko/Public/Export-GlookoZipToXlsx.ps1:94
at &lt;ScriptBlock&gt;, /home/runner/work/Glooko/Glooko/dev/tests/Export-GlookoZipToXlsx.Tests.ps1:54</failure>
    </testcase>
    <testcase name="Export-GlookoZipToXlsx.Basic functionality.Should create XLSX file in same location as ZIP file by default" status="Failed" classname="/home/runner/work/Glooko/Glooko/dev/tests/Export-GlookoZipToXlsx.Tests.ps1" assertions="0" time="0.083">
      <failure message="RuntimeException: ImportExcel module not found">at Export-GlookoZipToXlsx&lt;Begin&gt;, /home/runner/work/Glooko/Glooko/Public/Export-GlookoZipToXlsx.ps1:94
at &lt;ScriptBlock&gt;, /home/runner/work/Glooko/Glooko/dev/tests/Export-GlookoZipToXlsx.Tests.ps1:66</failure>
    </testcase>
    <testcase name="Export-GlookoZipToXlsx.Basic functionality.Should use ZIP filename for XLSX filename by default" status="Failed" classname="/home/runner/work/Glooko/Glooko/dev/tests/Export-GlookoZipToXlsx.Tests.ps1" assertions="0" time="0.094">
      <failure message="RuntimeException: ImportExcel module not found">at Export-GlookoZipToXlsx&lt;Begin&gt;, /home/runner/work/Glooko/Glooko/Public/Export-GlookoZipToXlsx.ps1:94
at &lt;ScriptBlock&gt;, /home/runner/work/Glooko/Glooko/dev/tests/Export-GlookoZipToXlsx.Tests.ps1:84</failure>
    </testcase>
    <testcase name="Export-GlookoZipToXlsx.Basic functionality.Should accept custom OutputPath parameter" status="Failed" classname="/home/runner/work/Glooko/Glooko/dev/tests/Export-GlookoZipToXlsx.Tests.ps1" assertions="0" time="0.082">
      <failure message="RuntimeException: ImportExcel module not found">at Export-GlookoZipToXlsx&lt;Begin&gt;, /home/runner/work/Glooko/Glooko/Public/Export-GlookoZipToXlsx.ps1:94
at &lt;ScriptBlock&gt;, /home/runner/work/Glooko/Glooko/dev/tests/Export-GlookoZipToXlsx.Tests.ps1:94</failure>
    </testcase>
    <testcase name="Export-GlookoZipToXlsx.Basic functionality.Should create worksheets for each dataset" status="Failed" classname="/home/runner/work/Glooko/Glooko/dev/tests/Export-GlookoZipToXlsx.Tests.ps1" assertions="0" time="0.083">
      <failure message="RuntimeException: ImportExcel module not found">at Export-GlookoZipToXlsx&lt;Begin&gt;, /home/runner/work/Glooko/Glooko/Public/Export-GlookoZipToXlsx.ps1:94
at &lt;ScriptBlock&gt;, /home/runner/work/Glooko/Glooko/dev/tests/Export-GlookoZipToXlsx.Tests.ps1:104</failure>
    </testcase>
    <testcase name="Export-GlookoZipToXlsx.Basic functionality.Should handle multiple datasets in separate worksheets" status="Failed" classname="/home/runner/work/Glooko/Glooko/dev/tests/Export-GlookoZipToXlsx.Tests.ps1" assertions="0" time="0.087">
      <failure message="RuntimeException: ImportExcel module not found">at Export-GlookoZipToXlsx&lt;Begin&gt;, /home/runner/work/Glooko/Glooko/Public/Export-GlookoZipToXlsx.ps1:94
at &lt;ScriptBlock&gt;, /home/runner/work/Glooko/Glooko/dev/tests/Export-GlookoZipToXlsx.Tests.ps1:118</failure>
    </testcase>
    <testcase name="Export-GlookoZipToXlsx.Basic functionality.Should handle zip file with consolidated datasets" status="Failed" classname="/home/runner/work/Glooko/Glooko/dev/tests/Export-GlookoZipToXlsx.Tests.ps1" assertions="0" time="0.084">
      <failure message="RuntimeException: ImportExcel module not found">at Export-GlookoZipToXlsx&lt;Begin&gt;, /home/runner/work/Glooko/Glooko/Public/Export-GlookoZipToXlsx.ps1:94
at &lt;ScriptBlock&gt;, /home/runner/work/Glooko/Glooko/dev/tests/Export-GlookoZipToXlsx.Tests.ps1:132</failure>
    </testcase>
    <testcase name="Export-GlookoZipToXlsx.Basic functionality.Should preserve data integrity in Excel export" status="Failed" classname="/home/runner/work/Glooko/Glooko/dev/tests/Export-GlookoZipToXlsx.Tests.ps1" assertions="0" time="0.084">
      <failure message="RuntimeException: ImportExcel module not found">at Export-GlookoZipToXlsx&lt;Begin&gt;, /home/runner/work/Glooko/Glooko/Public/Export-GlookoZipToXlsx.ps1:94
at &lt;ScriptBlock&gt;, /home/runner/work/Glooko/Glooko/dev/tests/Export-GlookoZipToXlsx.Tests.ps1:146</failure>
    </testcase>
    <testcase name="Export-GlookoZipToXlsx.Basic functionality.Should overwrite existing XLSX file when Force is specified" status="Failed" classname="/home/runner/work/Glooko/Glooko/dev/tests/Export-GlookoZipToXlsx.Tests.ps1" assertions="0" time="0.085">
      <failure message="RuntimeException: ImportExcel module not found">at Export-GlookoZipToXlsx&lt;Begin&gt;, /home/runner/work/Glooko/Glooko/Public/Export-GlookoZipToXlsx.ps1:94
at &lt;ScriptBlock&gt;, /home/runner/work/Glooko/Glooko/dev/tests/Export-GlookoZipToXlsx.Tests.ps1:163</failure>
    </testcase>
    <testcase name="Export-GlookoZipToXlsx.Basic functionality.Should create new file with timestamp when file exists and Force is not specified" status="Failed" classname="/home/runner/work/Glooko/Glooko/dev/tests/Export-GlookoZipToXlsx.Tests.ps1" assertions="0" time="0.082">
      <failure message="RuntimeException: ImportExcel module not found">at Export-GlookoZipToXlsx&lt;Begin&gt;, /home/runner/work/Glooko/Glooko/Public/Export-GlookoZipToXlsx.ps1:94
at &lt;ScriptBlock&gt;, /home/runner/work/Glooko/Glooko/dev/tests/Export-GlookoZipToXlsx.Tests.ps1:181</failure>
    </testcase>
    <testcase name="Export-GlookoZipToXlsx.Basic functionality.Should create file without timestamp when file does not exist" status="Failed" classname="/home/runner/work/Glooko/Glooko/dev/tests/Export-GlookoZipToXlsx.Tests.ps1" assertions="0" time="0.083">
      <failure message="RuntimeException: ImportExcel module not found">at Export-GlookoZipToXlsx&lt;Begin&gt;, /home/runner/work/Glooko/Glooko/Public/Export-GlookoZipToXlsx.ps1:94
at &lt;ScriptBlock&gt;, /home/runner/work/Glooko/Glooko/dev/tests/Export-GlookoZipToXlsx.Tests.ps1:209</failure>
    </testcase>
    <testcase name="Export-GlookoZipToXlsx.Error handling.Should throw error for non-existent zip file" status="Passed" classname="/home/runner/work/Glooko/Glooko/dev/tests/Export-GlookoZipToXlsx.Tests.ps1" assertions="0" time="0.096" />
    <testcase name="Export-GlookoZipToXlsx.Error handling.Should throw error when path is not a zip file" status="Passed" classname="/home/runner/work/Glooko/Glooko/dev/tests/Export-GlookoZipToXlsx.Tests.ps1" assertions="0" time="0.085" />
    <testcase name="Export-GlookoZipToXlsx.Error handling.Should throw error when path is a folder instead of file" status="Passed" classname="/home/runner/work/Glooko/Glooko/dev/tests/Export-GlookoZipToXlsx.Tests.ps1" assertions="0" time="0.072" />
    <testcase name="Export-GlookoZipToXlsx.Error handling.Should warn when zip file has no CSV files" status="Failed" classname="/home/runner/work/Glooko/Glooko/dev/tests/Export-GlookoZipToXlsx.Tests.ps1" assertions="0" time="0.093">
      <failure message="RuntimeException: ImportExcel module not found">at Export-GlookoZipToXlsx&lt;Begin&gt;, /home/runner/work/Glooko/Glooko/Public/Export-GlookoZipToXlsx.ps1:94
at &lt;ScriptBlock&gt;, /home/runner/work/Glooko/Glooko/dev/tests/Export-GlookoZipToXlsx.Tests.ps1:237</failure>
    </testcase>
    <testcase name="Export-GlookoZipToXlsx.Pipeline support.Should accept pipeline input" status="Failed" classname="/home/runner/work/Glooko/Glooko/dev/tests/Export-GlookoZipToXlsx.Tests.ps1" assertions="0" time="0.111">
      <failure message="RuntimeException: ImportExcel module not found">at Export-GlookoZipToXlsx&lt;Begin&gt;, /home/runner/work/Glooko/Glooko/Public/Export-GlookoZipToXlsx.ps1:94
at &lt;ScriptBlock&gt;, /home/runner/work/Glooko/Glooko/dev/tests/Export-GlookoZipToXlsx.Tests.ps1:250</failure>
    </testcase>
    <testcase name="Export-GlookoZipToXlsx.Pipeline support.Should work with Get-ChildItem pipeline" status="Failed" classname="/home/runner/work/Glooko/Glooko/dev/tests/Export-GlookoZipToXlsx.Tests.ps1" assertions="0" time="0.080">
      <failure message="RuntimeException: ImportExcel module not found">at Export-GlookoZipToXlsx&lt;Begin&gt;, /home/runner/work/Glooko/Glooko/Public/Export-GlookoZipToXlsx.ps1:94
at &lt;ScriptBlock&gt;, /home/runner/work/Glooko/Glooko/dev/tests/Export-GlookoZipToXlsx.Tests.ps1:259</failure>
    </testcase>
    <testcase name="Export-GlookoZipToXlsx.Verbose output.Should provide verbose output when requested" status="Failed" classname="/home/runner/work/Glooko/Glooko/dev/tests/Export-GlookoZipToXlsx.Tests.ps1" assertions="0" time="0.102">
      <failure message="RuntimeException: ImportExcel module not found">at Export-GlookoZipToXlsx&lt;Begin&gt;, /home/runner/work/Glooko/Glooko/Public/Export-GlookoZipToXlsx.ps1:94
at &lt;ScriptBlock&gt;, /home/runner/work/Glooko/Glooko/dev/tests/Export-GlookoZipToXlsx.Tests.ps1:270</failure>
    </testcase>
    <testcase name="Export-GlookoZipToXlsx.Verbose output.Should not show excessive ImportExcel verbose output" status="Failed" classname="/home/runner/work/Glooko/Glooko/dev/tests/Export-GlookoZipToXlsx.Tests.ps1" assertions="0" time="0.085">
      <failure message="RuntimeException: ImportExcel module not found">at Export-GlookoZipToXlsx&lt;Begin&gt;, /home/runner/work/Glooko/Glooko/Public/Export-GlookoZipToXlsx.ps1:94
at &lt;ScriptBlock&gt;, /home/runner/work/Glooko/Glooko/dev/tests/Export-GlookoZipToXlsx.Tests.ps1:282</failure>
    </testcase>
    <testcase name="Export-GlookoZipToXlsx.Worksheet naming.Should use dataset name as worksheet name when available" status="Failed" classname="/home/runner/work/Glooko/Glooko/dev/tests/Export-GlookoZipToXlsx.Tests.ps1" assertions="0" time="0.082">
      <failure message="RuntimeException: ImportExcel module not found">at Export-GlookoZipToXlsx&lt;Begin&gt;, /home/runner/work/Glooko/Glooko/Public/Export-GlookoZipToXlsx.ps1:94
at &lt;ScriptBlock&gt;, /home/runner/work/Glooko/Glooko/dev/tests/Export-GlookoZipToXlsx.Tests.ps1:301</failure>
    </testcase>
    <testcase name="Export-GlookoZipToXlsx.Worksheet naming.Should handle worksheet names longer than 31 characters" status="Failed" classname="/home/runner/work/Glooko/Glooko/dev/tests/Export-GlookoZipToXlsx.Tests.ps1" assertions="0" time="0.079">
      <failure message="RuntimeException: ImportExcel module not found">at Export-GlookoZipToXlsx&lt;Begin&gt;, /home/runner/work/Glooko/Glooko/Public/Export-GlookoZipToXlsx.ps1:94
at &lt;ScriptBlock&gt;, /home/runner/work/Glooko/Glooko/dev/tests/Export-GlookoZipToXlsx.Tests.ps1:312</failure>
    </testcase>
    <testcase name="Export-GlookoZipToXlsx.Worksheet naming.Should sanitize invalid worksheet name characters" status="Failed" classname="/home/runner/work/Glooko/Glooko/dev/tests/Export-GlookoZipToXlsx.Tests.ps1" assertions="0" time="0.083">
      <failure message="Expected no exception to be thrown, but an exception &quot;ImportExcel module not found&quot; was thrown from /home/runner/work/Glooko/Glooko/Public/Export-GlookoZipToXlsx.ps1:94 char:13&#xA;    +             throw &quot;ImportExcel module not found&quot;&#xA;    +             ~~~~~~~~~~~~~~~~~~~~~~~~~~~~~~~~~~~~.">at { Export-GlookoZipToXlsx -Path $zipPath } | Should -Not -Throw, /home/runner/work/Glooko/Glooko/dev/tests/Export-GlookoZipToXlsx.Tests.ps1:323
at &lt;ScriptBlock&gt;, /home/runner/work/Glooko/Glooko/dev/tests/Export-GlookoZipToXlsx.Tests.ps1:323</failure>
    </testcase>
    <testcase name="Export-GlookoZipToXlsx.Summary worksheet.Should create Summary worksheet as first worksheet" status="Failed" classname="/home/runner/work/Glooko/Glooko/dev/tests/Export-GlookoZipToXlsx.Tests.ps1" assertions="0" time="0.078">
      <failure message="RuntimeException: ImportExcel module not found">at Export-GlookoZipToXlsx&lt;Begin&gt;, /home/runner/work/Glooko/Glooko/Public/Export-GlookoZipToXlsx.ps1:94
at &lt;ScriptBlock&gt;, /home/runner/work/Glooko/Glooko/dev/tests/Export-GlookoZipToXlsx.Tests.ps1:333</failure>
    </testcase>
    <testcase name="Export-GlookoZipToXlsx.Summary worksheet.Should include dataset name in summary" status="Failed" classname="/home/runner/work/Glooko/Glooko/dev/tests/Export-GlookoZipToXlsx.Tests.ps1" assertions="0" time="0.079">
      <failure message="RuntimeException: ImportExcel module not found">at Export-GlookoZipToXlsx&lt;Begin&gt;, /home/runner/work/Glooko/Glooko/Public/Export-GlookoZipToXlsx.ps1:94
at &lt;ScriptBlock&gt;, /home/runner/work/Glooko/Glooko/dev/tests/Export-GlookoZipToXlsx.Tests.ps1:343</failure>
    </testcase>
    <testcase name="Export-GlookoZipToXlsx.Summary worksheet.Should include record count in summary" status="Failed" classname="/home/runner/work/Glooko/Glooko/dev/tests/Export-GlookoZipToXlsx.Tests.ps1" assertions="0" time="0.078">
      <failure message="RuntimeException: ImportExcel module not found">at Export-GlookoZipToXlsx&lt;Begin&gt;, /home/runner/work/Glooko/Glooko/Public/Export-GlookoZipToXlsx.ps1:94
at &lt;ScriptBlock&gt;, /home/runner/work/Glooko/Glooko/dev/tests/Export-GlookoZipToXlsx.Tests.ps1:354</failure>
    </testcase>
    <testcase name="Export-GlookoZipToXlsx.Summary worksheet.Should include metadata name in summary" status="Failed" classname="/home/runner/work/Glooko/Glooko/dev/tests/Export-GlookoZipToXlsx.Tests.ps1" assertions="0" time="0.079">
      <failure message="RuntimeException: ImportExcel module not found">at Export-GlookoZipToXlsx&lt;Begin&gt;, /home/runner/work/Glooko/Glooko/Public/Export-GlookoZipToXlsx.ps1:94
at &lt;ScriptBlock&gt;, /home/runner/work/Glooko/Glooko/dev/tests/Export-GlookoZipToXlsx.Tests.ps1:365</failure>
    </testcase>
    <testcase name="Export-GlookoZipToXlsx.Summary worksheet.Should include start and end dates in summary" status="Failed" classname="/home/runner/work/Glooko/Glooko/dev/tests/Export-GlookoZipToXlsx.Tests.ps1" assertions="0" time="0.080">
      <failure message="RuntimeException: ImportExcel module not found">at Export-GlookoZipToXlsx&lt;Begin&gt;, /home/runner/work/Glooko/Glooko/Public/Export-GlookoZipToXlsx.ps1:94
at &lt;ScriptBlock&gt;, /home/runner/work/Glooko/Glooko/dev/tests/Export-GlookoZipToXlsx.Tests.ps1:376</failure>
    </testcase>
    <testcase name="Export-GlookoZipToXlsx.Summary worksheet.Should handle multiple datasets in summary" status="Failed" classname="/home/runner/work/Glooko/Glooko/dev/tests/Export-GlookoZipToXlsx.Tests.ps1" assertions="0" time="0.079">
      <failure message="RuntimeException: ImportExcel module not found">at Export-GlookoZipToXlsx&lt;Begin&gt;, /home/runner/work/Glooko/Glooko/Public/Export-GlookoZipToXlsx.ps1:94
at &lt;ScriptBlock&gt;, /home/runner/work/Glooko/Glooko/dev/tests/Export-GlookoZipToXlsx.Tests.ps1:388</failure>
    </testcase>
    <testcase name="Export-GlookoZipToXlsx.Summary worksheet.Should handle datasets without metadata gracefully" status="Failed" classname="/home/runner/work/Glooko/Glooko/dev/tests/Export-GlookoZipToXlsx.Tests.ps1" assertions="0" time="0.079">
      <failure message="RuntimeException: ImportExcel module not found">at Export-GlookoZipToXlsx&lt;Begin&gt;, /home/runner/work/Glooko/Glooko/Public/Export-GlookoZipToXlsx.ps1:94
at &lt;ScriptBlock&gt;, /home/runner/work/Glooko/Glooko/dev/tests/Export-GlookoZipToXlsx.Tests.ps1:402</failure>
    </testcase>
  </testsuite>
  <testsuite name="/home/runner/work/Glooko/Glooko/dev/tests/Expand-GlookoMetadata.Tests.ps1" tests="19" errors="0" failures="0" hostname="runnervmf2e7y" id="4" skipped="0" disabled="0" package="/home/runner/work/Glooko/Glooko/dev/tests/Expand-GlookoMetadata.Tests.ps1" time="0.279">
    <properties>
      <property name="junit-version" value="4" />
      <property name="user" value="runner" />
      <property name="platform" value="Linux" />
      <property name="cwd" value="/home/runner/work/Glooko/Glooko" />
      <property name="user-domain" value="" />
      <property name="machine-name" value="runnervmf2e7y" />
      <property name="framework-version" value="5.7.1" />
      <property name="clr-version" value="8.0.21" />
      <property name="os-version" value="6.11.0-1018-azure" />
    </properties>
    <testcase name="Expand-GlookoMetadata.Filename parsing.Should parse valid dataset filename pattern" status="Passed" classname="/home/runner/work/Glooko/Glooko/dev/tests/Expand-GlookoMetadata.Tests.ps1" assertions="0" time="0.015" />
    <testcase name="Expand-GlookoMetadata.Filename parsing.Should parse different dataset names and orders" status="Passed" classname="/home/runner/work/Glooko/Glooko/dev/tests/Expand-GlookoMetadata.Tests.ps1" assertions="0" time="0.007" />
    <testcase name="Expand-GlookoMetadata.Filename parsing.Should handle complex dataset names" status="Passed" classname="/home/runner/work/Glooko/Glooko/dev/tests/Expand-GlookoMetadata.Tests.ps1" assertions="0" time="0.015" />
    <testcase name="Expand-GlookoMetadata.Filename parsing.Should return null for dataset/order when filename does not match pattern" status="Passed" classname="/home/runner/work/Glooko/Glooko/dev/tests/Expand-GlookoMetadata.Tests.ps1" assertions="0" time="0.007" />
    <testcase name="Expand-GlookoMetadata.Filename parsing.Should return null for dataset/order when filename has wrong extension" status="Passed" classname="/home/runner/work/Glooko/Glooko/dev/tests/Expand-GlookoMetadata.Tests.ps1" assertions="0" time="0.007" />
    <testcase name="Expand-GlookoMetadata.First line parsing.Should parse valid name and date range format" status="Passed" classname="/home/runner/work/Glooko/Glooko/dev/tests/Expand-GlookoMetadata.Tests.ps1" assertions="0" time="0.012" />
    <testcase name="Expand-GlookoMetadata.First line parsing.Should handle Unicode characters in name" status="Passed" classname="/home/runner/work/Glooko/Glooko/dev/tests/Expand-GlookoMetadata.Tests.ps1" assertions="0" time="0.010" />
    <testcase name="Expand-GlookoMetadata.First line parsing.Should handle extra whitespace in first line" status="Passed" classname="/home/runner/work/Glooko/Glooko/dev/tests/Expand-GlookoMetadata.Tests.ps1" assertions="0" time="0.010" />
    <testcase name="Expand-GlookoMetadata.First line parsing.Should return null values when first line does not match expected format" status="Passed" classname="/home/runner/work/Glooko/Glooko/dev/tests/Expand-GlookoMetadata.Tests.ps1" assertions="0" time="0.011" />
    <testcase name="Expand-GlookoMetadata.First line parsing.Should handle malformed date range in first line" status="Passed" classname="/home/runner/work/Glooko/Glooko/dev/tests/Expand-GlookoMetadata.Tests.ps1" assertions="0" time="0.017" />
    <testcase name="Expand-GlookoMetadata.First line parsing.Should handle empty first line" status="Passed" classname="/home/runner/work/Glooko/Glooko/dev/tests/Expand-GlookoMetadata.Tests.ps1" assertions="0" time="0.009" />
    <testcase name="Expand-GlookoMetadata.Combined parsing scenarios.Should parse both filename and first line successfully" status="Passed" classname="/home/runner/work/Glooko/Glooko/dev/tests/Expand-GlookoMetadata.Tests.ps1" assertions="0" time="0.016" />
    <testcase name="Expand-GlookoMetadata.Combined parsing scenarios.Should handle filename pattern match with first line parsing failure" status="Passed" classname="/home/runner/work/Glooko/Glooko/dev/tests/Expand-GlookoMetadata.Tests.ps1" assertions="0" time="0.013" />
    <testcase name="Expand-GlookoMetadata.Combined parsing scenarios.Should handle filename pattern failure with first line parsing success" status="Passed" classname="/home/runner/work/Glooko/Glooko/dev/tests/Expand-GlookoMetadata.Tests.ps1" assertions="0" time="0.013" />
    <testcase name="Expand-GlookoMetadata.Combined parsing scenarios.Should handle both parsing failures gracefully" status="Passed" classname="/home/runner/work/Glooko/Glooko/dev/tests/Expand-GlookoMetadata.Tests.ps1" assertions="0" time="0.020" />
    <testcase name="Expand-GlookoMetadata.Object structure validation.Should always return PSCustomObject with all expected properties" status="Passed" classname="/home/runner/work/Glooko/Glooko/dev/tests/Expand-GlookoMetadata.Tests.ps1" assertions="0" time="0.018" />
    <testcase name="Expand-GlookoMetadata.Object structure validation.Should preserve original first line exactly as provided" status="Passed" classname="/home/runner/work/Glooko/Glooko/dev/tests/Expand-GlookoMetadata.Tests.ps1" assertions="0" time="0.006" />
    <testcase name="Expand-GlookoMetadata.Edge cases and error conditions.Should handle very large order numbers" status="Passed" classname="/home/runner/work/Glooko/Glooko/dev/tests/Expand-GlookoMetadata.Tests.ps1" assertions="0" time="0.008" />
    <testcase name="Expand-GlookoMetadata.Edge cases and error conditions.Should handle zero as order number" status="Passed" classname="/home/runner/work/Glooko/Glooko/dev/tests/Expand-GlookoMetadata.Tests.ps1" assertions="0" time="0.007" />
  </testsuite>
  <testsuite name="/home/runner/work/Glooko/Glooko/dev/tests/Merge-GlookoDatasets.Tests.ps1" tests="11" errors="0" failures="0" hostname="runnervmf2e7y" id="5" skipped="0" disabled="0" package="/home/runner/work/Glooko/Glooko/dev/tests/Merge-GlookoDatasets.Tests.ps1" time="0.173">
    <properties>
      <property name="junit-version" value="4" />
      <property name="user" value="runner" />
      <property name="platform" value="Linux" />
      <property name="cwd" value="/home/runner/work/Glooko/Glooko" />
      <property name="user-domain" value="" />
      <property name="machine-name" value="runnervmf2e7y" />
      <property name="framework-version" value="5.7.1" />
      <property name="clr-version" value="8.0.21" />
      <property name="os-version" value="6.11.0-1018-azure" />
    </properties>
    <testcase name="Merge-GlookoDatasets.Basic merging functionality.Should merge datasets with same Dataset and OriginalFirstLine" status="Passed" classname="/home/runner/work/Glooko/Glooko/dev/tests/Merge-GlookoDatasets.Tests.ps1" assertions="0" time="0.016" />
    <testcase name="Merge-GlookoDatasets.Basic merging functionality.Should not merge datasets with different Dataset values" status="Passed" classname="/home/runner/work/Glooko/Glooko/dev/tests/Merge-GlookoDatasets.Tests.ps1" assertions="0" time="0.006" />
    <testcase name="Merge-GlookoDatasets.Basic merging functionality.Should not merge datasets with different OriginalFirstLine values" status="Passed" classname="/home/runner/work/Glooko/Glooko/dev/tests/Merge-GlookoDatasets.Tests.ps1" assertions="0" time="0.006" />
    <testcase name="Merge-GlookoDatasets.Basic merging functionality.Should handle single dataset without merging" status="Passed" classname="/home/runner/work/Glooko/Glooko/dev/tests/Merge-GlookoDatasets.Tests.ps1" assertions="0" time="0.007" />
    <testcase name="Merge-GlookoDatasets.Basic merging functionality.Should handle empty input array" status="Passed" classname="/home/runner/work/Glooko/Glooko/dev/tests/Merge-GlookoDatasets.Tests.ps1" assertions="0" time="0.005" />
    <testcase name="Merge-GlookoDatasets.Order-based merging.Should merge datasets in ascending Order" status="Passed" classname="/home/runner/work/Glooko/Glooko/dev/tests/Merge-GlookoDatasets.Tests.ps1" assertions="0" time="0.012" />
    <testcase name="Merge-GlookoDatasets.Order-based merging.Should use metadata from lowest Order file" status="Passed" classname="/home/runner/work/Glooko/Glooko/dev/tests/Merge-GlookoDatasets.Tests.ps1" assertions="0" time="0.008" />
    <testcase name="Merge-GlookoDatasets.Edge cases.Should handle null Dataset values" status="Passed" classname="/home/runner/work/Glooko/Glooko/dev/tests/Merge-GlookoDatasets.Tests.ps1" assertions="0" time="0.008" />
    <testcase name="Merge-GlookoDatasets.Edge cases.Should handle null Order values" status="Passed" classname="/home/runner/work/Glooko/Glooko/dev/tests/Merge-GlookoDatasets.Tests.ps1" assertions="0" time="0.008" />
    <testcase name="Merge-GlookoDatasets.Edge cases.Should handle empty Data arrays" status="Passed" classname="/home/runner/work/Glooko/Glooko/dev/tests/Merge-GlookoDatasets.Tests.ps1" assertions="0" time="0.007" />
    <testcase name="Merge-GlookoDatasets.Complex scenarios.Should handle multiple groups requiring different merge strategies" status="Passed" classname="/home/runner/work/Glooko/Glooko/dev/tests/Merge-GlookoDatasets.Tests.ps1" assertions="0" time="0.012" />
  </testsuite>
  <testsuite name="/home/runner/work/Glooko/Glooko/dev/tests/Glooko.Dataset.Tests.ps1" tests="15" errors="0" failures="0" hostname="runnervmf2e7y" id="6" skipped="0" disabled="0" package="/home/runner/work/Glooko/Glooko/dev/tests/Glooko.Dataset.Tests.ps1" time="0.252">
    <properties>
      <property name="junit-version" value="4" />
      <property name="user" value="runner" />
      <property name="platform" value="Linux" />
      <property name="cwd" value="/home/runner/work/Glooko/Glooko" />
      <property name="user-domain" value="" />
      <property name="machine-name" value="runnervmf2e7y" />
      <property name="framework-version" value="5.7.1" />
      <property name="clr-version" value="8.0.21" />
      <property name="os-version" value="6.11.0-1018-azure" />
    </properties>
    <testcase name="Glooko.Dataset Type and Formatting.Type Assignment.Should assign Glooko.Dataset type to Import-GlookoCSV result" status="Passed" classname="/home/runner/work/Glooko/Glooko/dev/tests/Glooko.Dataset.Tests.ps1" assertions="0" time="0.014" />
    <testcase name="Glooko.Dataset Type and Formatting.Type Assignment.Should assign Glooko.Dataset type to Import-GlookoCSV result with fewer than 2 lines" status="Passed" classname="/home/runner/work/Glooko/Glooko/dev/tests/Glooko.Dataset.Tests.ps1" assertions="0" time="0.009" />
    <testcase name="Glooko.Dataset Type and Formatting.Type Assignment.Should assign Glooko.Dataset type to Import-GlookoFolder results" status="Passed" classname="/home/runner/work/Glooko/Glooko/dev/tests/Glooko.Dataset.Tests.ps1" assertions="0" time="0.017" />
    <testcase name="Glooko.Dataset Type and Formatting.Type Assignment.Should assign Glooko.Dataset type to merged datasets" status="Passed" classname="/home/runner/work/Glooko/Glooko/dev/tests/Glooko.Dataset.Tests.ps1" assertions="0" time="0.020" />
    <testcase name="Glooko.Dataset Type and Formatting.Script Properties.Should have RecordCount script property" status="Passed" classname="/home/runner/work/Glooko/Glooko/dev/tests/Glooko.Dataset.Tests.ps1" assertions="0" time="0.014" />
    <testcase name="Glooko.Dataset Type and Formatting.Script Properties.Should have RecordCount of 0 for empty data" status="Passed" classname="/home/runner/work/Glooko/Glooko/dev/tests/Glooko.Dataset.Tests.ps1" assertions="0" time="0.008" />
    <testcase name="Glooko.Dataset Type and Formatting.Script Properties.Should have DatasetName script property" status="Passed" classname="/home/runner/work/Glooko/Glooko/dev/tests/Glooko.Dataset.Tests.ps1" assertions="0" time="0.010" />
    <testcase name="Glooko.Dataset Type and Formatting.Script Properties.Should use Dataset field if available for DatasetName" status="Passed" classname="/home/runner/work/Glooko/Glooko/dev/tests/Glooko.Dataset.Tests.ps1" assertions="0" time="0.010" />
    <testcase name="Glooko.Dataset Type and Formatting.Custom Formatting.Should format output with custom view" status="Passed" classname="/home/runner/work/Glooko/Glooko/dev/tests/Glooko.Dataset.Tests.ps1" assertions="0" time="0.018" />
    <testcase name="Glooko.Dataset Type and Formatting.Custom Formatting.Should display record count in formatted output" status="Passed" classname="/home/runner/work/Glooko/Glooko/dev/tests/Glooko.Dataset.Tests.ps1" assertions="0" time="0.010" />
    <testcase name="Glooko.Dataset Type and Formatting.Custom Formatting.Should display data summary in formatted output" status="Passed" classname="/home/runner/work/Glooko/Glooko/dev/tests/Glooko.Dataset.Tests.ps1" assertions="0" time="0.010" />
    <testcase name="Glooko.Dataset Type and Formatting.Custom Formatting.Should display metadata fields when available" status="Passed" classname="/home/runner/work/Glooko/Glooko/dev/tests/Glooko.Dataset.Tests.ps1" assertions="0" time="0.015" />
    <testcase name="Glooko.Dataset Type and Formatting.Backward Compatibility.Should still have Metadata property accessible" status="Passed" classname="/home/runner/work/Glooko/Glooko/dev/tests/Glooko.Dataset.Tests.ps1" assertions="0" time="0.010" />
    <testcase name="Glooko.Dataset Type and Formatting.Backward Compatibility.Should still have Data property accessible" status="Passed" classname="/home/runner/work/Glooko/Glooko/dev/tests/Glooko.Dataset.Tests.ps1" assertions="0" time="0.009" />
    <testcase name="Glooko.Dataset Type and Formatting.Backward Compatibility.Should maintain compatibility with existing code that accesses properties" status="Passed" classname="/home/runner/work/Glooko/Glooko/dev/tests/Glooko.Dataset.Tests.ps1" assertions="0" time="0.011" />
  </testsuite>
</testsuites>